[INFO ] 2023-11-20 15:54:35.229 [main] RegisterDefinition - Driver setUp Successfully
[INFO ] 2023-11-20 15:56:01.935 [main] RegisterDefinition - Driver setUp Successfully
[INFO ] 2023-11-20 15:57:11.282 [main] RegisterDefinition - Driver setUp Successfully
[INFO ] 2023-11-20 15:58:58.530 [main] RegisterDefinition - Driver setUp Successfully
[INFO ] 2023-11-20 15:59:20.154 [main] RegisterDefinition - HomePage launched
[INFO ] 2023-11-20 15:59:23.000 [main] RegisterDefinition - Create account page opened
[INFO ] 2023-11-20 15:59:23.882 [main] RegisterDefinition - Manditory Data passed
[INFO ] 2023-11-20 15:59:26.026 [main] RegisterDefinition - Account created succesfully
[INFO ] 2023-11-20 15:59:26.317 [main] RegisterDefinition - Aseert successful
[INFO ] 2023-11-20 16:07:38.922 [main] RegisterDefinition - Driver setUp Successfully
[INFO ] 2023-11-20 16:08:08.768 [main] RegisterDefinition - Driver setUp Successfully
[INFO ] 2023-11-20 16:08:31.622 [main] RegisterDefinition - HomePage launched
[INFO ] 2023-11-20 16:08:34.732 [main] RegisterDefinition - Create account page opened
[INFO ] 2023-11-20 16:08:35.654 [main] RegisterDefinition - Manditory Data passed
[INFO ] 2023-11-20 16:08:37.450 [main] RegisterDefinition - Account created succesfully
[INFO ] 2023-11-20 16:09:11.972 [main] RegisterDefinition - Driver setUp Successfully
[INFO ] 2023-11-20 16:09:35.469 [main] RegisterDefinition - HomePage launched
[INFO ] 2023-11-20 16:09:38.697 [main] RegisterDefinition - Create account page opened
[INFO ] 2023-11-20 16:09:39.563 [main] RegisterDefinition - Manditory Data passed
[INFO ] 2023-11-20 16:09:41.746 [main] RegisterDefinition - Account created succesfully
[INFO ] 2023-11-20 16:09:42.049 [main] RegisterDefinition - Aseert successful
[INFO ] 2023-11-20 16:12:01.807 [main] RegisterDefinition - Driver setUp Successfully
[INFO ] 2023-11-20 16:12:25.498 [main] RegisterDefinition - HomePage launched
[INFO ] 2023-11-20 16:12:28.667 [main] RegisterDefinition - Create account page opened
[INFO ] 2023-11-20 16:12:29.590 [main] RegisterDefinition - Manditory Data passed
[INFO ] 2023-11-20 16:12:31.554 [main] RegisterDefinition - Account created succesfully
[INFO ] 2023-11-20 16:13:07.404 [main] RegisterDefinition - Driver setUp Successfully
[INFO ] 2023-11-20 16:13:27.436 [main] RegisterDefinition - HomePage launched
[INFO ] 2023-11-20 16:13:30.121 [main] RegisterDefinition - Create account page opened
[INFO ] 2023-11-20 16:13:31.033 [main] RegisterDefinition - Manditory Data passed
[INFO ] 2023-11-20 16:13:33.298 [main] RegisterDefinition - Account created succesfully
[INFO ] 2023-11-20 16:13:33.588 [main] RegisterDefinition - Aseert successful
[INFO ] 2023-11-20 16:15:53.599 [main] RegisterDefinition - Driver setUp Successfully
[INFO ] 2023-11-20 16:16:22.262 [main] RegisterDefinition - HomePage launched
[INFO ] 2023-11-20 16:16:25.069 [main] RegisterDefinition - Create account page opened
[INFO ] 2023-11-20 16:16:26.052 [main] RegisterDefinition - Manditory Data passed
[INFO ] 2023-11-20 16:16:28.250 [main] RegisterDefinition - Account created succesfully
[INFO ] 2023-11-20 16:16:28.572 [main] RegisterDefinition - Aseert successful
[INFO ] 2023-11-20 16:21:07.825 [main] RegisterDefinition - Driver setUp Successfully
[INFO ] 2023-11-20 16:21:27.676 [main] RegisterDefinition - HomePage launched
[INFO ] 2023-11-20 16:21:30.649 [main] RegisterDefinition - Create account page opened
[INFO ] 2023-11-20 16:21:31.595 [main] RegisterDefinition - Manditory Data passed
[INFO ] 2023-11-20 16:21:33.835 [main] RegisterDefinition - Account created succesfully
[INFO ] 2023-11-20 16:31:31.154 [main] RegisterDefinition - Driver setUp Successfully
[INFO ] 2023-11-20 16:32:12.451 [main] RegisterDefinition - Driver setUp Successfully
[INFO ] 2023-11-20 16:34:35.577 [main] RegisterDefinition - Driver setUp Successfully
[INFO ] 2023-11-20 16:35:12.398 [main] RegisterDefinition - Driver setUp Successfully
[INFO ] 2023-11-20 16:35:47.383 [main] RegisterDefinition - Driver setUp Successfully
[INFO ] 2023-11-20 16:36:23.475 [main] RegisterDefinition - Driver setUp Successfully
[INFO ] 2023-11-20 16:37:06.212 [main] RegisterDefinition - Driver setUp Successfully
[INFO ] 2023-11-20 16:37:37.531 [main] RegisterDefinition - Driver setUp Successfully
[INFO ] 2023-11-20 16:38:26.102 [main] RegisterDefinition - Driver setUp Successfully
[INFO ] 2023-11-20 16:38:55.062 [main] RegisterDefinition - HomePage launched
[INFO ] 2023-11-20 16:39:49.409 [main] RegisterDefinition - Driver setUp Successfully
[INFO ] 2023-11-20 16:40:27.808 [main] RegisterDefinition - HomePage launched
[INFO ] 2023-11-20 16:41:31.982 [main] RegisterDefinition - Driver setUp Successfully
[INFO ] 2023-11-20 16:42:17.182 [main] RegisterDefinition - Driver setUp Successfully
[INFO ] 2023-11-20 16:42:20.399 [main] RegisterDefinition - HomePage launched
[INFO ] 2023-11-20 16:42:23.198 [main] RegisterDefinition - Create account page opened
[INFO ] 2023-11-20 16:42:24.155 [main] RegisterDefinition - Manditory Data passed
[INFO ] 2023-11-20 16:42:27.320 [main] RegisterDefinition - Account created succesfully
[INFO ] 2023-11-20 16:42:27.357 [main] RegisterDefinition - Aseert successful
[INFO ] 2023-11-20 16:43:16.470 [main] RegisterDefinition - Driver setUp Successfully
[INFO ] 2023-11-20 16:43:53.841 [main] RegisterDefinition - Driver setUp Successfully
[INFO ] 2023-11-20 16:46:10.480 [main] RegisterDefinition - Driver setUp Successfully
[INFO ] 2023-11-20 16:47:56.470 [main] RegisterDefinition - Driver setUp Successfully
[INFO ] 2023-11-20 16:51:38.367 [main] RegisterDefinition - Driver setUp Successfully
[INFO ] 2023-11-20 16:53:49.072 [main] RegisterDefinition - Driver setUp Successfully
[INFO ] 2023-11-20 16:54:27.917 [main] RegisterDefinition - Driver setUp Successfully
[INFO ] 2023-11-20 16:55:01.886 [main] RegisterDefinition - Driver setUp Successfully
[INFO ] 2023-11-20 16:55:36.562 [main] RegisterDefinition - Driver setUp Successfully
[INFO ] 2023-11-20 16:56:24.676 [main] RegisterDefinition - Driver setUp Successfully
[INFO ] 2023-11-20 16:57:02.267 [main] RegisterDefinition - Driver setUp Successfully
[INFO ] 2023-11-20 16:57:58.293 [main] RegisterDefinition - Driver setUp Successfully
[INFO ] 2023-11-20 16:58:26.055 [main] RegisterDefinition - HomePage launched
[INFO ] 2023-11-20 16:59:44.291 [main] RegisterDefinition - Driver setUp Successfully
[INFO ] 2023-11-20 17:01:17.821 [main] RegisterDefinition - Driver setUp Successfully
[INFO ] 2023-11-20 17:01:54.455 [main] RegisterDefinition - Driver setUp Successfully
[INFO ] 2023-11-20 17:02:27.718 [main] RegisterDefinition - HomePage launched
[INFO ] 2023-11-20 17:04:37.043 [main] RegisterDefinition - Driver setUp Successfully
[INFO ] 2023-11-20 17:05:09.557 [main] RegisterDefinition - Driver setUp Successfully
[INFO ] 2023-11-20 17:06:43.686 [TestNG-PoolService-2] RegisterDefinition - HomePage launched
[INFO ] 2023-11-20 17:06:46.189 [TestNG-PoolService-1] RegisterDefinition - Driver setUp Successfully
[INFO ] 2023-11-20 17:09:26.469 [main] RegisterDefinition - Driver setUp Successfully
[INFO ] 2023-11-20 17:10:09.236 [main] RegisterDefinition - HomePage launched
[INFO ] 2023-11-20 17:25:05.000 [main] RegisterDefinition - Driver setUp Successfully
[INFO ] 2023-11-20 17:25:54.952 [main] RegisterDefinition - Driver setUp Successfully
[INFO ] 2023-11-20 17:27:44.724 [main] RegisterDefinition - Driver setUp Successfully
[INFO ] 2023-11-20 17:29:30.175 [main] RegisterDefinition - Driver setUp Successfully
[INFO ] 2023-11-20 17:31:52.244 [main] RegisterDefinition - Driver setUp Successfully
[INFO ] 2023-11-20 17:32:30.428 [main] RegisterDefinition - Driver setUp Successfully
[INFO ] 2023-11-20 17:32:54.153 [main] RegisterDefinition - HomePage launched
[INFO ] 2023-11-20 17:36:34.098 [TestNG-PoolService-3] RegisterDefinition - Driver setUp Successfully
[INFO ] 2023-11-20 17:36:35.946 [TestNG-PoolService-2] RegisterDefinition - Driver setUp Successfully
[INFO ] 2023-11-20 17:36:36.678 [TestNG-PoolService-0] RegisterDefinition - Driver setUp Successfully
[INFO ] 2023-11-20 17:36:36.816 [TestNG-PoolService-4] RegisterDefinition - Driver setUp Successfully
[INFO ] 2023-11-20 17:36:37.678 [TestNG-PoolService-1] RegisterDefinition - Driver setUp Successfully
[INFO ] 2023-11-20 17:36:57.346 [TestNG-PoolService-2] RegisterDefinition - HomePage launched
[INFO ] 2023-11-20 17:39:31.068 [main] RegisterDefinition - Driver setUp Successfully
[INFO ] 2023-11-20 17:40:26.049 [main] RegisterDefinition - HomePage launched
[INFO ] 2023-11-20 17:40:29.384 [main] RegisterDefinition - Create account page opened
[INFO ] 2023-11-20 17:40:30.251 [main] RegisterDefinition - Manditory Data passed
[INFO ] 2023-11-20 17:40:33.234 [main] RegisterDefinition - Account created succesfully
[INFO ] 2023-11-20 17:40:33.265 [main] RegisterDefinition - Aseert successful
[INFO ] 2023-11-20 17:45:59.383 [main] RegisterDefinition - Driver setUp Successfully
[INFO ] 2023-11-20 17:46:32.669 [main] RegisterDefinition - HomePage launched
[INFO ] 2023-11-20 17:46:36.022 [main] RegisterDefinition - Create account page opened
[INFO ] 2023-11-20 17:46:36.875 [main] RegisterDefinition - Manditory Data passed
[INFO ] 2023-11-20 17:46:39.141 [main] RegisterDefinition - Account created succesfully
[INFO ] 2023-11-20 17:48:02.633 [main] RegisterDefinition - Driver setUp Successfully
[INFO ] 2023-11-20 17:48:45.216 [main] RegisterDefinition - HomePage launched
[INFO ] 2023-11-20 17:52:59.734 [main] RegisterDefinition - Driver setUp Successfully
[INFO ] 2023-11-20 17:53:02.234 [main] RegisterDefinition - HomePage launched
[INFO ] 2023-11-20 17:53:06.048 [main] RegisterDefinition - Create account page opened
[INFO ] 2023-11-20 17:53:06.626 [main] RegisterDefinition - Manditory Data passed
[INFO ] 2023-11-20 17:53:09.172 [main] RegisterDefinition - Account created succesfully
[INFO ] 2023-11-20 17:53:09.208 [main] RegisterDefinition - Aseert successful
[INFO ] 2023-11-20 17:53:30.184 [main] RegisterDefinition - Driver setUp Successfully
[INFO ] 2023-11-20 17:53:52.064 [main] RegisterDefinition - Driver setUp Successfully
[INFO ] 2023-11-20 17:54:38.364 [main] RegisterDefinition - Driver setUp Successfully
[INFO ] 2023-11-20 17:55:20.615 [main] RegisterDefinition - Driver setUp Successfully
[INFO ] 2023-11-20 18:04:30.820 [TestNG-PoolService-1] RegisterDefinition - Driver setUp Successfully
[INFO ] 2023-11-20 18:05:38.352 [main] RegisterDefinition - Driver setUp Successfully
[INFO ] 2023-11-20 18:06:06.516 [main] RegisterDefinition - Driver setUp Successfully
[INFO ] 2023-11-20 18:46:30.454 [TestNG-PoolService-2] RegisterDefinition - Driver setUp Successfully
[INFO ] 2023-11-20 18:46:35.492 [TestNG-PoolService-2] RegisterDefinition - HomePage launched
[INFO ] 2023-11-20 18:47:01.017 [TestNG-PoolService-2] RegisterDefinition - Create account page opened
[INFO ] 2023-11-20 18:47:02.409 [TestNG-PoolService-2] RegisterDefinition - Manditory Data passed
[INFO ] 2023-11-20 18:47:05.409 [TestNG-PoolService-2] RegisterDefinition - Account created succesfully
[INFO ] 2023-11-20 19:01:07.279 [TestNG-PoolService-2] RegisterDefinition - Driver setUp Successfully
[INFO ] 2023-11-20 19:01:12.867 [TestNG-PoolService-2] RegisterDefinition - HomePage launched
[INFO ] 2023-11-21 13:26:38.196 [TestNG-PoolService-0] RegisterDefinition - Driver setUp Successfully
[INFO ] 2023-11-21 13:26:38.196 [TestNG-PoolService-2] RegisterDefinition - Driver setUp Successfully
[INFO ] 2023-11-21 13:26:38.197 [TestNG-PoolService-3] RegisterDefinition - Driver setUp Successfully
[INFO ] 2023-11-21 13:26:38.205 [TestNG-PoolService-1] RegisterDefinition - Driver setUp Successfully
[INFO ] 2023-11-21 13:26:39.798 [TestNG-PoolService-4] RegisterDefinition - Driver setUp Successfully
[INFO ] 2023-11-21 13:26:53.131 [TestNG-PoolService-2] RegisterDefinition - HomePage launched
[INFO ] 2023-11-21 13:33:23.150 [main] RegisterDefinition - Driver setUp Successfully
[INFO ] 2023-11-21 13:33:58.784 [main] RegisterDefinition - Driver setUp Successfully
[INFO ] 2023-11-21 13:35:05.181 [main] RegisterDefinition - Driver setUp Successfully
[INFO ] 2023-11-21 13:35:42.447 [main] RegisterDefinition - Driver setUp Successfully
[INFO ] 2023-11-21 13:35:46.455 [main] RegisterDefinition - HomePage launched
[INFO ] 2023-11-21 13:35:48.994 [main] RegisterDefinition - Create account page opened
[INFO ] 2023-11-21 13:35:49.914 [main] RegisterDefinition - Manditory Data passed
[INFO ] 2023-11-21 13:35:52.025 [main] RegisterDefinition - Account created succesfully
[INFO ] 2023-11-21 13:36:19.360 [main] RegisterDefinition - Driver setUp Successfully
[INFO ] 2023-11-21 13:36:23.755 [main] RegisterDefinition - HomePage launched
[INFO ] 2023-11-21 13:36:26.760 [main] RegisterDefinition - Create account page opened
[INFO ] 2023-11-21 13:36:27.731 [main] RegisterDefinition - Manditory Data passed
[INFO ] 2023-11-21 13:36:29.892 [main] RegisterDefinition - Account created succesfully
[INFO ] 2023-11-21 13:36:57.531 [main] RegisterDefinition - Driver setUp Successfully
[INFO ] 2023-11-21 13:37:00.432 [main] RegisterDefinition - HomePage launched
[INFO ] 2023-11-21 13:37:12.231 [main] RegisterDefinition - Create account page opened
[INFO ] 2023-11-21 13:37:13.979 [main] RegisterDefinition - Manditory Data passed
[INFO ] 2023-11-21 13:37:15.586 [main] RegisterDefinition - Account created succesfully
[INFO ] 2023-11-21 13:39:29.234 [main] RegisterDefinition - Driver setUp Successfully
[INFO ] 2023-11-21 13:39:33.076 [main] RegisterDefinition - HomePage launched
[INFO ] 2023-11-21 13:39:35.859 [main] RegisterDefinition - Create account page opened
[INFO ] 2023-11-21 13:39:36.846 [main] RegisterDefinition - Manditory Data passed
[INFO ] 2023-11-21 13:39:38.632 [main] RegisterDefinition - Account created succesfully
[INFO ] 2023-11-21 13:41:23.034 [main] RegisterDefinition - Driver setUp Successfully
[INFO ] 2023-11-21 13:41:29.557 [main] RegisterDefinition - HomePage launched
[INFO ] 2023-11-21 13:41:32.362 [main] RegisterDefinition - Create account page opened
[INFO ] 2023-11-21 13:41:33.233 [main] RegisterDefinition - Manditory Data passed
[INFO ] 2023-11-21 13:41:35.394 [main] RegisterDefinition - Account created succesfully
[INFO ] 2023-11-21 13:43:44.501 [main] RegisterDefinition - Driver setUp Successfully
[INFO ] 2023-11-21 13:43:46.654 [main] RegisterDefinition - HomePage launched
[INFO ] 2023-11-21 13:43:49.767 [main] RegisterDefinition - Create account page opened
[INFO ] 2023-11-21 13:43:50.733 [main] RegisterDefinition - Manditory Data passed
[INFO ] 2023-11-21 13:43:52.529 [main] RegisterDefinition - Account created succesfully
[INFO ] 2023-11-21 13:49:27.245 [main] RegisterDefinition - Driver setUp Successfully
[INFO ] 2023-11-21 13:49:34.434 [main] RegisterDefinition - HomePage launched
[INFO ] 2023-11-21 14:46:11.932 [main] RegisterDefinition - Driver setUp Successfully
[INFO ] 2023-11-21 14:46:14.983 [main] RegisterDefinition - HomePage launched
[INFO ] 2023-11-21 14:47:05.698 [main] RegisterDefinition - Driver setUp Successfully
[INFO ] 2023-11-21 14:47:09.344 [main] RegisterDefinition - HomePage launched
[INFO ] 2023-11-21 14:47:13.146 [main] RegisterDefinition - Create account page opened
[INFO ] 2023-11-21 14:47:13.799 [main] RegisterDefinition - Manditory Data passed
[INFO ] 2023-11-21 14:47:15.947 [main] RegisterDefinition - Account created succesfully
[INFO ] 2023-11-21 14:51:30.820 [main] RegisterDefinition - Driver setUp Successfully
[INFO ] 2023-11-21 14:51:33.004 [main] RegisterDefinition - HomePage launched
[INFO ] 2023-11-21 14:51:35.701 [main] RegisterDefinition - Create account page opened
[INFO ] 2023-11-21 14:51:36.736 [main] RegisterDefinition - Manditory Data passed
[INFO ] 2023-11-21 14:51:38.946 [main] RegisterDefinition - Account created succesfully
[INFO ] 2023-11-21 14:54:47.723 [main] RegisterDefinition - Driver setUp Successfully
[INFO ] 2023-11-21 14:54:49.935 [main] RegisterDefinition - HomePage launched
[INFO ] 2023-11-21 14:54:58.574 [main] RegisterDefinition - Create account page opened
[INFO ] 2023-11-21 14:55:01.127 [main] RegisterDefinition - Manditory Data passed
[INFO ] 2023-11-21 14:55:03.301 [main] RegisterDefinition - Account created succesfully
[INFO ] 2023-11-21 14:55:54.870 [main] RegisterDefinition - Driver setUp Successfully
[INFO ] 2023-11-21 14:55:57.486 [main] RegisterDefinition - HomePage launched
[INFO ] 2023-11-21 14:56:03.067 [main] RegisterDefinition - Create account page opened
[INFO ] 2023-11-21 14:56:03.896 [main] RegisterDefinition - Manditory Data passed
[INFO ] 2023-11-21 14:56:05.985 [main] RegisterDefinition - Account created succesfully
[INFO ] 2023-11-21 14:57:13.222 [main] RegisterDefinition - Driver setUp Successfully
[INFO ] 2023-11-21 14:57:16.930 [main] RegisterDefinition - HomePage launched
[INFO ] 2023-11-21 14:57:22.263 [main] RegisterDefinition - Create account page opened
[INFO ] 2023-11-21 14:57:24.605 [main] RegisterDefinition - Manditory Data passed
[INFO ] 2023-11-21 14:57:26.413 [main] RegisterDefinition - Account created succesfully
[INFO ] 2023-11-21 14:58:34.559 [main] RegisterDefinition - Driver setUp Successfully
[INFO ] 2023-11-21 14:58:37.024 [main] RegisterDefinition - HomePage launched
[INFO ] 2023-11-21 14:58:40.084 [main] RegisterDefinition - Create account page opened
[INFO ] 2023-11-21 14:58:41.210 [main] RegisterDefinition - Manditory Data passed
[INFO ] 2023-11-21 14:58:43.201 [main] RegisterDefinition - Account created succesfully
[INFO ] 2023-11-21 14:59:38.454 [main] RegisterDefinition - Driver setUp Successfully
[INFO ] 2023-11-21 14:59:42.346 [main] RegisterDefinition - HomePage launched
[INFO ] 2023-11-21 15:01:45.657 [main] RegisterDefinition - Driver setUp Successfully
[INFO ] 2023-11-21 15:01:47.672 [main] RegisterDefinition - HomePage launched
[INFO ] 2023-11-21 15:01:53.624 [main] RegisterDefinition - Create account page opened
[INFO ] 2023-11-21 15:01:56.055 [main] RegisterDefinition - Manditory Data passed
[INFO ] 2023-11-21 15:01:58.267 [main] RegisterDefinition - Account created succesfully
[INFO ] 2023-11-21 15:02:34.900 [main] RegisterDefinition - Driver setUp Successfully
[INFO ] 2023-11-21 15:03:41.614 [main] RegisterDefinition - Driver setUp Successfully
[INFO ] 2023-11-21 15:03:44.041 [main] RegisterDefinition - HomePage launched
[INFO ] 2023-11-21 15:03:48.009 [main] RegisterDefinition - Create account page opened
[INFO ] 2023-11-21 15:03:48.961 [main] RegisterDefinition - Manditory Data passed
[INFO ] 2023-11-21 15:03:51.507 [main] RegisterDefinition - Account created succesfully
[INFO ] 2023-11-21 15:03:51.602 [main] RegisterDefinition - Aseert successful
[INFO ] 2023-11-21 15:04:13.085 [main] RegisterDefinition - Driver setUp Successfully
[INFO ] 2023-11-21 15:09:24.207 [main] RegisterDefinition - Driver setUp Successfully
[INFO ] 2023-11-21 15:09:31.289 [main] RegisterDefinition - HomePage launched
[INFO ] 2023-11-21 15:13:05.288 [main] RegisterDefinition - Driver setUp Successfully
[INFO ] 2023-11-21 15:13:20.457 [main] RegisterDefinition - HomePage launched
[INFO ] 2023-11-21 15:13:27.321 [main] RegisterDefinition - Create account page opened
[INFO ] 2023-11-21 15:13:28.142 [main] RegisterDefinition - Manditory Data passed
[INFO ] 2023-11-21 15:13:31.762 [main] RegisterDefinition - Account created succesfully
[INFO ] 2023-11-21 15:13:31.794 [main] RegisterDefinition - Aseert successful
[INFO ] 2023-11-21 15:14:23.051 [main] RegisterDefinition - Driver setUp Successfully
[INFO ] 2023-11-21 15:16:03.905 [main] RegisterDefinition - Driver setUp Successfully
[INFO ] 2023-11-21 15:19:49.539 [main] RegisterDefinition - Driver setUp Successfully
[INFO ] 2023-11-21 15:20:15.411 [main] RegisterDefinition - HomePage launched
[INFO ] 2023-11-21 15:20:18.782 [main] RegisterDefinition - Create account page opened
[INFO ] 2023-11-21 15:20:20.783 [main] RegisterDefinition - Manditory Data passed
[INFO ] 2023-11-21 15:20:23.060 [main] RegisterDefinition - Account created succesfully
[INFO ] 2023-11-21 15:20:52.619 [main] RegisterDefinition - Driver setUp Successfully
[INFO ] 2023-11-21 15:21:30.262 [main] RegisterDefinition - HomePage launched
[INFO ] 2023-11-21 15:21:34.351 [main] RegisterDefinition - Create account page opened
[INFO ] 2023-11-21 15:21:35.292 [main] RegisterDefinition - Manditory Data passed
[INFO ] 2023-11-21 15:21:37.930 [main] RegisterDefinition - Account created succesfully
[INFO ] 2023-11-21 15:21:37.957 [main] RegisterDefinition - Aseert successful
[INFO ] 2023-11-21 15:23:13.198 [main] RegisterDefinition - Driver setUp Successfully
[INFO ] 2023-11-21 15:23:21.743 [main] RegisterDefinition - HomePage launched
[INFO ] 2023-11-21 15:23:25.059 [main] RegisterDefinition - Create account page opened
[INFO ] 2023-11-21 15:23:26.094 [main] RegisterDefinition - Manditory Data passed
[INFO ] 2023-11-21 15:23:28.049 [main] RegisterDefinition - Account created succesfully
[INFO ] 2023-11-21 15:24:55.261 [main] RegisterDefinition - Driver setUp Successfully
[INFO ] 2023-11-21 15:25:06.899 [main] RegisterDefinition - HomePage launched
[INFO ] 2023-11-21 15:25:10.821 [main] RegisterDefinition - Create account page opened
[INFO ] 2023-11-21 15:25:11.452 [main] RegisterDefinition - Manditory Data passed
[INFO ] 2023-11-21 15:25:13.918 [main] RegisterDefinition - Account created succesfully
[INFO ] 2023-11-21 15:25:13.971 [main] RegisterDefinition - Aseert successful
[INFO ] 2023-11-21 18:00:58.986 [TestNG-PoolService-1] RegisterDefinition - HomePage launched
[INFO ] 2023-11-21 18:01:01.207 [TestNG-PoolService-0] RegisterDefinition - HomePage Launches
[ERROR] 2023-11-21 18:01:02.131 [TestNG-PoolService-2] RegisterDefinition - HomePAge Launches
[INFO ] 2023-11-21 18:01:02.189 [TestNG-PoolService-3] RegisterDefinition - Driver setUp Successfully
[INFO ] 2023-11-21 18:01:04.279 [TestNG-PoolService-0] RegisterDefinition - Products search
[INFO ] 2023-11-21 18:02:31.410 [TestNG-PoolService-3] RegisterDefinition - USer clicks Team sport
[INFO ] 2023-11-21 18:05:06.933 [main] RegisterDefinition - Driver setUp Successfully
[INFO ] 2023-11-21 18:05:10.284 [main] RegisterDefinition - HomePage Launches
[INFO ] 2023-11-21 18:05:14.508 [main] RegisterDefinition - Products search
[INFO ] 2023-11-21 18:05:15.056 [main] RegisterDefinition - Added to caRT
[INFO ] 2023-11-21 18:07:29.696 [main] RegisterDefinition - HomePage launched
